Listening on http://0.0.0.0:3000
SIGINT received
Active handles: [
  <ref *1> WriteStream {
    connecting: false,
    _hadError: false,
    _parent: null,
    _host: null,
    _closeAfterHandlingError: false,
    _events: {
      close: undefined,
      error: undefined,
      prefinish: undefined,
      finish: undefined,
      drain: undefined,
      data: undefined,
      end: [Function: onReadableStreamEnd],
      readable: undefined
    },
    _readableState: ReadableState {
      highWaterMark: 0,
      buffer: [],
      bufferIndex: 0,
      length: 0,
      pipes: [],
      awaitDrainWriters: null,
      Symbol(kState): 1052932
    },
    _writableState: WritableState {
      highWaterMark: 65536,
      length: 0,
      corked: 0,
      onwrite: [Function (anonymous)],
      writelen: 0,
      bufferedIndex: 0,
      pendingcb: 0,
      Symbol(kState): 17564420,
      Symbol(kBufferedValue): null
    },
    allowHalfOpen: false,
    _maxListeners: undefined,
    _eventsCount: 1,
    _sockname: null,
    _pendingData: null,
    _pendingEncoding: '',
    server: null,
    _server: null,
    columns: 213,
    rows: 50,
    _type: 'tty',
    fd: 2,
    _isStdio: true,
    destroySoon: [Function (anonymous)],
    _destroy: [Function: dummyDestroy],
    Symbol(async_id_symbol): 3,
    Symbol(kHandle): TTY { Symbol(owner_symbol): [Circular *1] },
    Symbol(lastWriteQueueSize): 0,
    Symbol(timeout): null,
    Symbol(kBuffer): null,
    Symbol(kBufferCb): null,
    Symbol(kBufferGen): null,
    Symbol(shapeMode): true,
    Symbol(kCapture): false,
    Symbol(kSetNoDelay): false,
    Symbol(kSetKeepAlive): false,
    Symbol(kSetKeepAliveInitialDelay): 0,
    Symbol(kSetTOS): undefined,
    Symbol(kBytesRead): 0,
    Symbol(kBytesWritten): 0
  },
  <ref *2> ReadStream {
    connecting: false,
    _hadError: false,
    _parent: null,
    _host: null,
    _closeAfterHandlingError: false,
    _events: {
      close: undefined,
      error: undefined,
      prefinish: undefined,
      finish: undefined,
      drain: undefined,
      data: undefined,
      end: [Function: onReadableStreamEnd],
      readable: undefined,
      pause: [Function (anonymous)]
    },
    _readableState: ReadableState {
      highWaterMark: 0,
      buffer: [],
      bufferIndex: 0,
      length: 0,
      pipes: [],
      awaitDrainWriters: null,
      Symbol(kState): 1052932
    },
    _writableState: WritableState {
      highWaterMark: 65536,
      length: 0,
      corked: 0,
      onwrite: [Function (anonymous)],
      writelen: 0,
      bufferedIndex: 0,
      pendingcb: 0,
      Symbol(kState): 17564420,
      Symbol(kBufferedValue): null
    },
    allowHalfOpen: false,
    _maxListeners: undefined,
    _eventsCount: 2,
    _sockname: null,
    _pendingData: null,
    _pendingEncoding: '',
    server: null,
    _server: null,
    isRaw: false,
    isTTY: true,
    fd: 0,
    Symbol(async_id_symbol): 5,
    Symbol(kHandle): TTY { reading: false, Symbol(owner_symbol): [Circular *2] },
    Symbol(lastWriteQueueSize): 0,
    Symbol(timeout): null,
    Symbol(kBuffer): null,
    Symbol(kBufferCb): null,
    Symbol(kBufferGen): null,
    Symbol(shapeMode): true,
    Symbol(kCapture): false,
    Symbol(kSetNoDelay): false,
    Symbol(kSetKeepAlive): false,
    Symbol(kSetKeepAliveInitialDelay): 0,
    Symbol(kSetTOS): undefined,
    Symbol(kBytesRead): 0,
    Symbol(kBytesWritten): 0
  },
  <ref *3> Server {
    maxHeaderSize: undefined,
    insecureHTTPParser: undefined,
    requestTimeout: 300000,
    headersTimeout: 60000,
    keepAliveTimeout: 5000,
    keepAliveTimeoutBuffer: 1000,
    connectionsCheckingInterval: 30000,
    requireHostHeader: true,
    joinDuplicateHeaders: undefined,
    rejectNonStandardBodyWrites: false,
    shouldUpgradeCallback: [Function (anonymous)],
    _events: [Object: null prototype] {
      connection: [Function: connectionListener],
      listening: [Function: setupConnectionsTracking],
      request: [Array]
    },
    _eventsCount: 3,
    _maxListeners: undefined,
    _connections: 1,
    _handle: TCP {
      reading: false,
      onconnection: [Function: onconnection],
      Symbol(owner_symbol): [Circular *3]
    },
    _usingWorkers: false,
    _workers: [],
    _unref: false,
    _listeningId: 2,
    allowHalfOpen: true,
    pauseOnConnect: false,
    noDelay: true,
    keepAlive: false,
    keepAliveInitialDelay: 0,
    highWaterMark: 65536,
    httpAllowHalfOpen: false,
    timeout: 0,
    maxHeadersCount: null,
    maxRequestsPerSocket: 0,
    _connectionKey: '4:0.0.0.0:3000',
    Symbol(IncomingMessage): [Function: IncomingMessage],
    Symbol(ServerResponse): [Function: ServerResponse],
    Symbol(OptimizeEmptyRequestsOption): false,
    Symbol(shapeMode): false,
    Symbol(kCapture): false,
    Symbol(async_id_symbol): 9,
    Symbol(kUniqueHeaders): null,
    Symbol(http.server.connections): ConnectionsList {},
    Symbol(http.server.connectionsCheckingInterval): Timeout {
      _idleTimeout: 30000,
      _idlePrev: [TimersList],
      _idleNext: [TimersList],
      _idleStart: 51,
      _onTimeout: [Function: bound checkConnections],
      _timerArgs: undefined,
      _repeat: 30000,
      _destroyed: false,
      Symbol(refed): false,
      Symbol(kHasPrimitive): false,
      Symbol(asyncId): 11,
      Symbol(triggerId): 10,
      Symbol(kAsyncContextFrame): undefined
    }
  },
  <ref *4> Socket {
    connecting: false,
    _hadError: false,
    _parent: null,
    _host: null,
    _closeAfterHandlingError: false,
    _events: {
      close: [Function: bound socketOnClose],
      error: [Function: socketOnError],
      prefinish: undefined,
      finish: undefined,
      drain: [Function: bound socketOnDrain],
      data: [Function: bound socketOnData],
      end: [Array],
      readable: undefined,
      timeout: [Function: socketOnTimeout],
      resume: [Function: onSocketResume],
      pause: [Function: onSocketPause]
    },
    _readableState: ReadableState {
      highWaterMark: 65536,
      buffer: [],
      bufferIndex: 0,
      length: 0,
      pipes: [],
      awaitDrainWriters: null,
      Symbol(kState): 193997060
    },
    _writableState: WritableState {
      highWaterMark: 65536,
      length: 0,
      corked: 0,
      onwrite: [Function (anonymous)],
      writelen: 0,
      bufferedIndex: 0,
      pendingcb: 0,
      Symbol(kState): 17563908,
      Symbol(kBufferedValue): null,
      Symbol(kWriteCbValue): null,
      Symbol(kAfterWriteTickInfoValue): null
    },
    allowHalfOpen: true,
    _maxListeners: undefined,
    _eventsCount: 8,
    _sockname: null,
    _pendingData: null,
    _pendingEncoding: '',
    server: <ref *3> Server {
      maxHeaderSize: undefined,
      insecureHTTPParser: undefined,
      requestTimeout: 300000,
      headersTimeout: 60000,
      keepAliveTimeout: 5000,
      keepAliveTimeoutBuffer: 1000,
      connectionsCheckingInterval: 30000,
      requireHostHeader: true,
      joinDuplicateHeaders: undefined,
      rejectNonStandardBodyWrites: false,
      shouldUpgradeCallback: [Function (anonymous)],
      _events: [Object: null prototype],
      _eventsCount: 3,
      _maxListeners: undefined,
      _connections: 1,
      _handle: [TCP],
      _usingWorkers: false,
      _workers: [],
      _unref: false,
      _listeningId: 2,
      allowHalfOpen: true,
      pauseOnConnect: false,
      noDelay: true,
      keepAlive: false,
      keepAliveInitialDelay: 0,
      highWaterMark: 65536,
      httpAllowHalfOpen: false,
      timeout: 0,
      maxHeadersCount: null,
      maxRequestsPerSocket: 0,
      _connectionKey: '4:0.0.0.0:3000',
      Symbol(IncomingMessage): [Function: IncomingMessage],
      Symbol(ServerResponse): [Function: ServerResponse],
      Symbol(OptimizeEmptyRequestsOption): false,
      Symbol(shapeMode): false,
      Symbol(kCapture): false,
      Symbol(async_id_symbol): 9,
      Symbol(kUniqueHeaders): null,
      Symbol(http.server.connections): ConnectionsList {},
      Symbol(http.server.connectionsCheckingInterval): Timeout {
        _idleTimeout: 30000,
        _idlePrev: [TimersList],
        _idleNext: [TimersList],
        _idleStart: 51,
        _onTimeout: [Function: bound checkConnections],
        _timerArgs: undefined,
        _repeat: 30000,
        _destroyed: false,
        Symbol(refed): false,
        Symbol(kHasPrimitive): false,
        Symbol(asyncId): 11,
        Symbol(triggerId): 10,
        Symbol(kAsyncContextFrame): undefined
      }
    },
    _server: <ref *3> Server {
      maxHeaderSize: undefined,
      insecureHTTPParser: undefined,
      requestTimeout: 300000,
      headersTimeout: 60000,
      keepAliveTimeout: 5000,
      keepAliveTimeoutBuffer: 1000,
      connectionsCheckingInterval: 30000,
      requireHostHeader: true,
      joinDuplicateHeaders: undefined,
      rejectNonStandardBodyWrites: false,
      shouldUpgradeCallback: [Function (anonymous)],
      _events: [Object: null prototype],
      _eventsCount: 3,
      _maxListeners: undefined,
      _connections: 1,
      _handle: [TCP],
      _usingWorkers: false,
      _workers: [],
      _unref: false,
      _listeningId: 2,
      allowHalfOpen: true,
      pauseOnConnect: false,
      noDelay: true,
      keepAlive: false,
      keepAliveInitialDelay: 0,
      highWaterMark: 65536,
      httpAllowHalfOpen: false,
      timeout: 0,
      maxHeadersCount: null,
      maxRequestsPerSocket: 0,
      _connectionKey: '4:0.0.0.0:3000',
      Symbol(IncomingMessage): [Function: IncomingMessage],
      Symbol(ServerResponse): [Function: ServerResponse],
      Symbol(OptimizeEmptyRequestsOption): false,
      Symbol(shapeMode): false,
      Symbol(kCapture): false,
      Symbol(async_id_symbol): 9,
      Symbol(kUniqueHeaders): null,
      Symbol(http.server.connections): ConnectionsList {},
      Symbol(http.server.connectionsCheckingInterval): Timeout {
        _idleTimeout: 30000,
        _idlePrev: [TimersList],
        _idleNext: [TimersList],
        _idleStart: 51,
        _onTimeout: [Function: bound checkConnections],
        _timerArgs: undefined,
        _repeat: 30000,
        _destroyed: false,
        Symbol(refed): false,
        Symbol(kHasPrimitive): false,
        Symbol(asyncId): 11,
        Symbol(triggerId): 10,
        Symbol(kAsyncContextFrame): undefined
      }
    },
    parser: HTTPParser {
      '0': null,
      '1': [Function: parserOnHeaders],
      '2': [Function: parserOnHeadersComplete],
      '3': [Function: parserOnBody],
      '4': [Function: parserOnMessageComplete],
      '5': [Function: bound onParserExecute],
      '6': [Function: bound onParserTimeout],
      _headers: [],
      _url: '',
      socket: [Circular *4],
      incoming: null,
      outgoing: null,
      maxHeaderPairs: 2000,
      _consumed: true,
      onIncoming: [Function: bound parserOnIncoming],
      joinDuplicateHeaders: null,
      Symbol(resource_symbol): [HTTPServerAsyncResource]
    },
    on: [Function: socketListenerWrap],
    addListener: [Function: socketListenerWrap],
    prependListener: [Function: socketListenerWrap],
    setEncoding: [Function: socketSetEncoding],
    _paused: false,
    _httpMessage: null,
    timeout: 6000,
    Symbol(async_id_symbol): 13,
    Symbol(kHandle): TCP {
      reading: true,
      onconnection: null,
      _consumed: true,
      Symbol(owner_symbol): [Circular *4]
    },
    Symbol(lastWriteQueueSize): 0,
    Symbol(timeout): Timeout {
      _idleTimeout: 6000,
      _idlePrev: [TimersList],
      _idleNext: [TimersList],
      _idleStart: 19146,
      _onTimeout: [Function: bound ],
      _timerArgs: undefined,
      _repeat: null,
      _destroyed: false,
      Symbol(refed): false,
      Symbol(kHasPrimitive): false,
      Symbol(asyncId): 788,
      Symbol(triggerId): 784,
      Symbol(kAsyncContextFrame): undefined
    },
    Symbol(kBuffer): null,
    Symbol(kBufferCb): null,
    Symbol(kBufferGen): null,
    Symbol(shapeMode): true,
    Symbol(kCapture): false,
    Symbol(kSetNoDelay): true,
    Symbol(kSetKeepAlive): false,
    Symbol(kSetKeepAliveInitialDelay): 0,
    Symbol(kSetTOS): undefined,
    Symbol(kBytesRead): 0,
    Symbol(kBytesWritten): 0
  }
]
